mode: set
code-kata/client/http_request_handler.go:24.99,26.2 1 1
code-kata/client/http_request_handler.go:27.84,30.16 2 1
code-kata/client/http_request_handler.go:30.16,32.3 1 1
code-kata/client/http_request_handler.go:33.2,33.8 1 1
code-kata/client/http_request_handler.go:36.131,40.16 2 1
code-kata/client/http_request_handler.go:40.16,43.3 2 0
code-kata/client/http_request_handler.go:44.2,48.16 3 1
code-kata/client/http_request_handler.go:48.16,51.3 2 1
code-kata/client/http_request_handler.go:53.2,54.16 2 1
code-kata/client/http_request_handler.go:54.16,56.3 1 1
code-kata/client/http_request_handler.go:57.2,57.8 1 1
code-kata/client/http_request_handler.go:60.109,63.16 2 1
code-kata/client/http_request_handler.go:63.16,65.3 1 0
code-kata/client/http_request_handler.go:66.2,68.16 2 1
code-kata/client/http_request_handler.go:68.16,70.3 1 1
code-kata/client/http_request_handler.go:71.2,71.8 1 1
code-kata/config/configManager/config.go:19.53,21.2 1 1
code-kata/config/configManager/config.go:23.106,26.16 2 1
code-kata/config/configManager/config.go:26.16,29.3 2 1
code-kata/config/configManager/config.go:30.2,34.16 4 1
code-kata/config/configManager/config.go:34.16,37.3 2 1
code-kata/config/configManager/config.go:38.2,38.8 1 1
code-kata/config/config.go:3.26,5.2 1 1
code-kata/todo/service/todo_service.go:24.96,26.2 1 1
code-kata/todo/service/todo_service.go:28.86,29.38 1 1
code-kata/todo/service/todo_service.go:29.38,34.17 4 1
code-kata/todo/service/todo_service.go:34.17,37.4 2 1
code-kata/todo/service/todo_service.go:39.3,39.36 1 1
code-kata/todo/service/todo_service.go:39.36,41.4 1 1
code-kata/todo/service/todo_service.go:44.2,44.8 1 1
code-kata/todo/service/todo_service.go:47.71,49.2 1 1
code-kata/todo/service/todo_service.go:51.60,52.29 1 1
code-kata/todo/service/todo_service.go:52.29,54.24 2 1
code-kata/todo/service/todo_service.go:54.24,56.4 1 1
code-kata/todo/service/todo_service.go:57.3,58.46 2 1
code-kata/todo/service/todo_service.go:60.2,60.12 1 1
code-kata/todo/service/todo_service.go:63.75,64.17 1 1
code-kata/todo/service/todo_service.go:64.17,66.3 1 1
code-kata/todo/service/todo_service.go:66.8,68.3 1 1
