mode: set
code-kata/client/http_request_handler.go:24.99,26.2 1 1
code-kata/client/http_request_handler.go:27.84,30.16 2 1
code-kata/client/http_request_handler.go:30.16,32.3 1 1
code-kata/client/http_request_handler.go:33.2,33.8 1 1
code-kata/client/http_request_handler.go:36.131,44.16 4 1
code-kata/client/http_request_handler.go:44.16,47.3 2 1
code-kata/client/http_request_handler.go:49.2,50.16 2 1
code-kata/client/http_request_handler.go:50.16,52.3 1 1
code-kata/client/http_request_handler.go:53.2,53.8 1 1
code-kata/client/http_request_handler.go:56.109,59.16 2 1
code-kata/client/http_request_handler.go:59.16,61.3 1 0
code-kata/client/http_request_handler.go:62.2,64.16 2 1
code-kata/client/http_request_handler.go:64.16,66.3 1 1
code-kata/client/http_request_handler.go:67.2,67.8 1 1
code-kata/todo/service/todo_service.go:24.96,26.2 1 1
code-kata/todo/service/todo_service.go:28.86,30.38 2 1
code-kata/todo/service/todo_service.go:30.38,35.17 4 1
code-kata/todo/service/todo_service.go:35.17,38.4 2 1
code-kata/todo/service/todo_service.go:40.3,40.36 1 1
code-kata/todo/service/todo_service.go:40.36,42.4 1 1
code-kata/todo/service/todo_service.go:45.2,45.8 1 1
code-kata/todo/service/todo_service.go:48.71,50.2 1 1
code-kata/todo/service/todo_service.go:52.60,53.29 1 1
code-kata/todo/service/todo_service.go:53.29,55.24 2 1
code-kata/todo/service/todo_service.go:55.24,57.4 1 1
code-kata/todo/service/todo_service.go:58.3,59.46 2 1
code-kata/todo/service/todo_service.go:61.2,61.12 1 1
code-kata/todo/service/todo_service.go:64.75,65.17 1 1
code-kata/todo/service/todo_service.go:65.17,67.3 1 1
code-kata/todo/service/todo_service.go:67.8,69.3 1 1
code-kata/config/config.go:3.26,5.2 1 1
code-kata/config/configManager/config.go:19.53,21.2 1 1
code-kata/config/configManager/config.go:23.106,26.16 2 1
code-kata/config/configManager/config.go:26.16,29.3 2 1
code-kata/config/configManager/config.go:30.2,34.16 4 1
code-kata/config/configManager/config.go:34.16,37.3 2 1
code-kata/config/configManager/config.go:38.2,38.8 1 1
